<?xml version="1.0" encoding="UTF-8"?>
<testng-results ignored="0" total="1" passed="1" failed="0" skipped="0">
  <reporter-output>
  </reporter-output>
  <suite started-at="2024-04-08T13:43:05 IST" name="Default suite" finished-at="2024-04-08T13:43:25 IST" duration-ms="20548">
    <groups>
    </groups>
    <test started-at="2024-04-08T13:43:05 IST" name="Default test" finished-at="2024-04-08T13:43:25 IST" duration-ms="20548">
      <class name="Test_Facebook.Face_log">
        <test-method is-config="true" signature="OpenApp()[pri:0, instance:Test_Facebook.Face_log@4b8ee4de]" started-at="2024-04-08T13:43:05 IST" name="OpenApp" finished-at="2024-04-08T13:43:15 IST" duration-ms="9834" status="PASS">
          <reporter-output>
          </reporter-output>
        </test-method> <!-- OpenApp -->
        <test-method signature="tc()[pri:0, instance:Test_Facebook.Face_log@4b8ee4de]" started-at="2024-04-08T13:43:15 IST" name="tc" finished-at="2024-04-08T13:43:25 IST" duration-ms="10627" status="PASS">
          <reporter-output>
          </reporter-output>
        </test-method> <!-- tc -->
        <test-method is-config="true" signature="CloseApp(org.testng.ITestResult)[pri:0, instance:Test_Facebook.Face_log@4b8ee4de]" started-at="2024-04-08T13:43:25 IST" name="CloseApp" finished-at="2024-04-08T13:43:25 IST" duration-ms="4" status="PASS">
          <params>
            <param index="0">
              <value>
                <![CDATA[[TestResult name=tc status=SUCCESS method=Face_log.tc()[pri:0, instance:Test_Facebook.Face_log@4b8ee4de] output={null}]]]>
              </value>
            </param>
          </params>
          <reporter-output>
          </reporter-output>
        </test-method> <!-- CloseApp -->
      </class> <!-- Test_Facebook.Face_log -->
    </test> <!-- Default test -->
  </suite> <!-- Default suite -->
</testng-results>
