<?xml version="1.0" encoding="UTF-8"?>
<testng-results ignored="0" total="1" passed="1" failed="0" skipped="0">
  <reporter-output>
  </reporter-output>
  <suite started-at="2023-12-09T12:55:56 IST" name="Default suite" finished-at="2023-12-09T12:56:18 IST" duration-ms="21371">
    <groups>
    </groups>
    <test started-at="2023-12-09T12:55:56 IST" name="Default test" finished-at="2023-12-09T12:56:18 IST" duration-ms="21371">
      <class name="Test_Facebook.Face_log">
        <test-method is-config="true" signature="OpenApp()[pri:0, instance:Test_Facebook.Face_log@20ccf40b]" started-at="2023-12-09T12:55:56 IST" name="OpenApp" finished-at="2023-12-09T12:56:07 IST" duration-ms="10499" status="PASS">
          <reporter-output>
          </reporter-output>
        </test-method> <!-- OpenApp -->
        <test-method signature="tc()[pri:0, instance:Test_Facebook.Face_log@20ccf40b]" started-at="2023-12-09T12:56:07 IST" name="tc" finished-at="2023-12-09T12:56:18 IST" duration-ms="10772" status="PASS">
          <reporter-output>
          </reporter-output>
        </test-method> <!-- tc -->
        <test-method is-config="true" signature="CloseApp(org.testng.ITestResult)[pri:0, instance:Test_Facebook.Face_log@20ccf40b]" started-at="2023-12-09T12:56:18 IST" name="CloseApp" finished-at="2023-12-09T12:56:18 IST" duration-ms="9" status="PASS">
          <params>
            <param index="0">
              <value>
                <![CDATA[[TestResult name=tc status=SUCCESS method=Face_log.tc()[pri:0, instance:Test_Facebook.Face_log@20ccf40b] output={null}]]]>
              </value>
            </param>
          </params>
          <reporter-output>
          </reporter-output>
        </test-method> <!-- CloseApp -->
      </class> <!-- Test_Facebook.Face_log -->
    </test> <!-- Default test -->
  </suite> <!-- Default suite -->
</testng-results>
